<?xml version="1.0" encoding="UTF-8"?>
<!-- Generated by org.testng.reporters.JUnitReportReporter -->
<testsuite skipped="0" hostname="GP-PC-5005214" name="Test.PackPurchase" tests="1" failures="0" timestamp="19 Apr 2020 00:47:11 GMT" time="71.627" errors="0">
  <testcase name="DATAEmergency30MB" time="71.627" classname="Test.PackPurchase"/>
</testsuite> <!-- Test.PackPurchase -->
