<?xml version="1.0" encoding="UTF-8"?>
<!-- Generated by org.testng.reporters.JUnitReportReporter -->
<testsuite skipped="0" hostname="GP-PC-5005214" name="Test.LogoutAndGuestmode1" tests="5" failures="0" timestamp="06 Sep 2019 15:40:16 GMT" time="336.241" errors="0">
  <testcase name="App_Foreground_Flexiplan" time="66.129" classname="Test.LogoutAndGuestmode1"/>
  <testcase name="App_Background_Flexiplan" time="64.283" classname="Test.LogoutAndGuestmode1"/>
  <testcase name="App_Closed_Flexiplan" time="73.989" classname="Test.LogoutAndGuestmode1"/>
  <testcase name="Guestmode_App_Foreground_Flexiplan" time="62.914" classname="Test.LogoutAndGuestmode1"/>
  <testcase name="Guestmode_App_Backround_Flexiplan" time="68.926" classname="Test.LogoutAndGuestmode1"/>
</testsuite> <!-- Test.LogoutAndGuestmode1 -->
