<?xml version="1.0" encoding="UTF-8"?>
<!-- Generated by org.testng.reporters.JUnitReportReporter -->
<testsuite skipped="0" hostname="GP-PC-5005214" name="Test.Login6" tests="3" failures="0" timestamp="06 Sep 2019 15:40:16 GMT" time="539.056" errors="0">
  <testcase name="App_Foreground_Reward" time="169.753" classname="Test.Login6"/>
  <testcase name="App_Background_Reward" time="181.494" classname="Test.Login6"/>
  <testcase name="App_Closed_Reward" time="187.809" classname="Test.Login6"/>
</testsuite> <!-- Test.Login6 -->
