<?xml version="1.0" encoding="UTF-8"?>
<!-- Generated by org.testng.reporters.JUnitReportReporter -->
<testsuite skipped="0" hostname="GP-PC-5001747" name="Test.PushTestingTestNG" tests="1" failures="0" timestamp="24 Aug 2019 11:14:12 GMT" time="101.960" errors="0">
  <testcase name="Demo" time="101.960" classname="Test.PushTestingTestNG"/>
</testsuite> <!-- Test.PushTestingTestNG -->
