<?xml version="1.0" encoding="UTF-8"?>
<!-- Generated by org.testng.reporters.JUnitReportReporter -->
<testsuite skipped="0" hostname="GP-PC-5005214" name="Test.Login1" tests="3" failures="0" timestamp="06 Sep 2019 15:40:16 GMT" time="157.255" errors="0">
  <testcase name="App_Foreground_Flexiplan" time="46.785" classname="Test.Login1"/>
  <testcase name="App_Background_Flexiplan" time="48.859" classname="Test.Login1"/>
  <testcase name="App_Closed_Flexiplan" time="61.611" classname="Test.Login1"/>
</testsuite> <!-- Test.Login1 -->
