<?xml version="1.0" encoding="UTF-8"?>
<!-- Generated by org.testng.reporters.JUnitReportReporter -->
<testsuite skipped="0" hostname="GP-PC-5005214" name="Test.PackPurchase" tests="4" failures="0" timestamp="30 Apr 2020 10:31:21 GMT" time="290.047" errors="0">
  <testcase name="DATA6GB615BBonus" time="72.046" classname="Test.PackPurchase"/>
  <testcase name="DATA3GB308MBBonus" time="72.887" classname="Test.PackPurchase"/>
  <testcase name="DATA2GB205MBBonus" time="72.699" classname="Test.PackPurchase"/>
  <testcase name="DATA3GB67TK" time="72.415" classname="Test.PackPurchase"/>
</testsuite> <!-- Test.PackPurchase -->
