<?xml version="1.0" encoding="UTF-8"?>
<!-- Generated by org.testng.reporters.JUnitReportReporter -->
<testsuite skipped="0" hostname="GP-PC-5005214" name="Test.Login" tests="3" failures="0" timestamp="04 Sep 2019 19:08:56 GMT" time="106.525" errors="0">
  <testcase name="AppForegroundFlexiplan" time="29.297" classname="Test.Login"/>
  <testcase name="AppBackgroundFlexiplan" time="32.960" classname="Test.Login"/>
  <testcase name="AppClosedFlexiplan" time="44.268" classname="Test.Login"/>
</testsuite> <!-- Test.Login -->
