<?xml version="1.0" encoding="UTF-8"?>
<!-- Generated by org.testng.reporters.JUnitReportReporter -->
<testsuite skipped="0" hostname="GP-PC-5005214" name="Test.PackPurchase" tests="1" failures="0" timestamp="20 Oct 2019 12:05:40 GMT" time="108.931" errors="0">
  <testcase name="VOICE23Minutes" time="108.931" classname="Test.PackPurchase"/>
</testsuite> <!-- Test.PackPurchase -->
