<?xml version="1.0" encoding="UTF-8"?>
<!-- Generated by org.testng.reporters.JUnitReportReporter -->
<testsuite skipped="0" hostname="GP-PC-5005214" name="Test.Login_internet" tests="3" failures="0" timestamp="04 Sep 2019 19:39:42 GMT" time="98.584" errors="0">
  <testcase name="App_Foreground_Internet" time="27.214" classname="Test.Login_internet"/>
  <testcase name="App_Background_Internet" time="30.052" classname="Test.Login_internet"/>
  <testcase name="App_Closed_Internet" time="41.318" classname="Test.Login_internet"/>
</testsuite> <!-- Test.Login_internet -->
