<?xml version="1.0" encoding="UTF-8"?>
<!-- Generated by org.testng.reporters.JUnitReportReporter -->
<testsuite skipped="0" hostname="GP-PC-5005214" name="Test.Login2" tests="3" failures="0" timestamp="06 Sep 2019 15:40:16 GMT" time="149.947" errors="0">
  <testcase name="App_Foreground_Internet" time="44.492" classname="Test.Login2"/>
  <testcase name="App_Background_Internet" time="47.760" classname="Test.Login2"/>
  <testcase name="App_Closed_Internet" time="57.695" classname="Test.Login2"/>
</testsuite> <!-- Test.Login2 -->
