<?xml version="1.0" encoding="UTF-8"?>
<!-- Generated by org.testng.reporters.JUnitReportReporter -->
<testsuite skipped="0" hostname="GP-PC-5005214" name="Test.DataPack" tests="1" failures="0" timestamp="14 Oct 2019 11:19:35 GMT" time="29.862" errors="0">
  <testcase name="DATA555mb149Tk" time="29.862" classname="Test.DataPack"/>
</testsuite> <!-- Test.DataPack -->
