<?xml version="1.0" encoding="UTF-8"?>
<!-- Generated by org.testng.reporters.JUnitReportReporter -->
<testsuite skipped="0" hostname="GP-PC-5005214" name="Test.Login3" tests="3" failures="0" timestamp="06 Sep 2019 15:40:16 GMT" time="160.238" errors="0">
  <testcase name="App_Foreground_Voice" time="47.795" classname="Test.Login3"/>
  <testcase name="App_Background_Voice" time="49.602" classname="Test.Login3"/>
  <testcase name="App_Closed_Voice" time="62.841" classname="Test.Login3"/>
</testsuite> <!-- Test.Login3 -->
