<?xml version="1.0" encoding="UTF-8"?>
<!-- Generated by org.testng.reporters.JUnitReportReporter -->
<testsuite skipped="0" hostname="GP-PC-5005214" name="Test.LogoutAndGuestmode2" tests="5" failures="0" timestamp="06 Sep 2019 15:40:16 GMT" time="320.200" errors="0">
  <testcase name="App_Foreground_Internet" time="58.793" classname="Test.LogoutAndGuestmode2"/>
  <testcase name="App_Background_Internet" time="61.390" classname="Test.LogoutAndGuestmode2"/>
  <testcase name="App_Closed_Internet" time="71.557" classname="Test.LogoutAndGuestmode2"/>
  <testcase name="Guestmode_App_Foreground_Internet" time="59.865" classname="Test.LogoutAndGuestmode2"/>
  <testcase name="Guestmode_App_Backround_Internet" time="68.595" classname="Test.LogoutAndGuestmode2"/>
</testsuite> <!-- Test.LogoutAndGuestmode2 -->
