<?xml version="1.0" encoding="UTF-8"?>
<!-- Generated by org.testng.reporters.JUnitReportReporter -->
<testsuite skipped="0" hostname="GP-PC-5005214" name="Test.Login5" tests="3" failures="0" timestamp="06 Sep 2019 15:40:16 GMT" time="539.347" errors="0">
  <testcase name="App_Foreground_CMP" time="170.122" classname="Test.Login5"/>
  <testcase name="App_Background_CMP" time="181.421" classname="Test.Login5"/>
  <testcase name="App_Closed_CMP" time="187.804" classname="Test.Login5"/>
</testsuite> <!-- Test.Login5 -->
