<?xml version="1.0" encoding="UTF-8"?>
<!-- Generated by org.testng.reporters.JUnitReportReporter -->
<testsuite skipped="0" hostname="GP-PC-5005214" name="Test.LogoutAndGuestmode3" tests="5" failures="0" timestamp="06 Sep 2019 15:40:16 GMT" time="329.640" errors="0">
  <testcase name="App_Foreground_Voice" time="62.972" classname="Test.LogoutAndGuestmode3"/>
  <testcase name="App_Background_Voice" time="62.086" classname="Test.LogoutAndGuestmode3"/>
  <testcase name="App_Closed_Voice" time="71.363" classname="Test.LogoutAndGuestmode3"/>
  <testcase name="Guestmode_App_Foreground_Voice" time="61.033" classname="Test.LogoutAndGuestmode3"/>
  <testcase name="Guestmode_App_Backround_Voice" time="72.186" classname="Test.LogoutAndGuestmode3"/>
</testsuite> <!-- Test.LogoutAndGuestmode3 -->
