<?xml version="1.0" encoding="UTF-8"?>
<!-- Generated by org.testng.reporters.JUnitReportReporter -->
<testsuite skipped="0" hostname="GP-PC-5001747" name="Test.LoginTestNG" tests="2" failures="0" timestamp="24 Aug 2019 21:34:13 GMT" time="112.882" errors="0">
  <testcase name="Appbackgroundflexiplan" time="64.096" classname="Test.LoginTestNG"/>
  <testcase name="Appforegroundflexiplan" time="48.786" classname="Test.LoginTestNG"/>
</testsuite> <!-- Test.LoginTestNG -->
